date: 2014-05-12 19:32:54.514
argv: node C:\Users\Administrator\AppData\Roaming\npm\node_modules\hexo\bin\hexo deploy --debug
os: Windows_NT 6.1.7601 win32 x64
version:
  hexo: 2.5.7
  http_parser: 1.0
  node: 0.10.28
  v8: 3.14.5.9
  ares: 1.9.0-DEV
  uv: 0.10.27
  zlib: 1.2.3
  modules: 11
  openssl: 1.0.1g
---

[debug] 19:32:54.359 Config file loaded
[debug] 19:32:54.368 Version info checked successfully
[debug] 19:32:54.415 Loading database.
[debug] 19:32:54.465 Script load successfully: fancybox.js
[info] 19:32:54.467 Start deploying: github
[info] 19:32:54.469 Setting up GitHub deployment...
[error] 19:32:54.506 Error: spawn ENOENT
Error: spawn ENOENT
    at errnoException (child_process.js:998:11)
    at Process.ChildProcess._handle.onexit (child_process.js:789:34)
